<?xml version="1.0" encoding="UTF-8"?>
<!-- Generated by org.testng.reporters.JUnitXMLReporter -->
<testsuite ignored="0" hostname="DESKTOP-1B17E07" failures="0" tests="13" name="Test" time="10.661" errors="0" timestamp="2024-04-05T08:05:36 IST">
  <testcase classname="TestNG_Examples.Testng_Ex1" name="test" time="0.017"/>
  <testcase classname="TestNG_Examples.Testng_Ex1" name="test2" time="0.001"/>
  <testcase classname="TestNG_Examples.TestNg_EX5" name="m" time="0.002"/>
  <testcase classname="TestNG_Examples.TestNG_ex6" name="test2" time="0.001"/>
  <testcase classname="TestNG_Examples.TestNG_ex6" name="test" time="0.007"/>
  <testcase classname="TestNG_Examples.TestNG_ex6" name="test3" time="0.002"/>
  <testcase classname="TestNG_Examples.Login_Functionality" name="login" time="7.0"/>
  <testcase classname="TestNG_Examples.TestNg_Ex3" name="test" time="0.007"/>
  <testcase classname="TestNG_Examples.TestNg_Ex3" name="test2" time="0.003"/>
  <testcase classname="TestNG_Examples.TestNG_Ex2" name="test" time="0.003"/>
  <testcase classname="TestNG_Examples.TestNG_Ex2" name="test2" time="0.012"/>
  <testcase classname="TestNG_Examples.Testng_ex4" name="test" time="0.004"/>
  <testcase classname="TestNG_Examples.Testng_ex4" name="test2" time="0.003"/>
</testsuite> <!-- Test -->
