<?xml version="1.0" encoding="UTF-8"?>
<testng-results ignored="0" total="1" passed="1" failed="0" skipped="0">
  <reporter-output>
  </reporter-output>
  <suite started-at="2024-04-09T08:20:43 IST" name="Default suite" finished-at="2024-04-09T08:21:02 IST" duration-ms="18895">
    <groups>
    </groups>
    <test started-at="2024-04-09T08:20:43 IST" name="Default test" finished-at="2024-04-09T08:21:02 IST" duration-ms="18895">
      <class name="POM.LoginTest">
        <test-method is-config="true" signature="launch()[pri:0, instance:POM.LoginTest@4d154ccd]" started-at="2024-04-09T08:20:43 IST" name="launch" finished-at="2024-04-09T08:20:48 IST" duration-ms="4570" status="PASS">
          <reporter-output>
          </reporter-output>
        </test-method> <!-- launch -->
        <test-method signature="login()[pri:0, instance:POM.LoginTest@4d154ccd]" started-at="2024-04-09T08:20:48 IST" name="login" finished-at="2024-04-09T08:21:02 IST" duration-ms="13983" status="PASS">
          <reporter-output>
          </reporter-output>
        </test-method> <!-- login -->
        <test-method is-config="true" signature="close()[pri:0, instance:POM.LoginTest@4d154ccd]" started-at="2024-04-09T08:21:02 IST" name="close" finished-at="2024-04-09T08:21:02 IST" duration-ms="242" status="PASS">
          <reporter-output>
          </reporter-output>
        </test-method> <!-- close -->
      </class> <!-- POM.LoginTest -->
    </test> <!-- Default test -->
  </suite> <!-- Default suite -->
</testng-results>
